2019-12-02 16:11:27.963 INFO  (main) [   ] o.e.j.u.log Logging initialized @1290ms to org.eclipse.jetty.util.log.Slf4jLog
2019-12-02 16:11:28.078 WARN  (main) [   ] o.e.j.x.XmlConfiguration Deprecated method public void org.eclipse.jetty.rewrite.handler.RedirectRegexRule.setReplacement(java.lang.String) in file:///Users/brianpulfer/Desktop/USI/MAI-First_Year/Debit_Courses/Information_Retrieval/Project/nanny_search/src/main/api/solr-8.2.0/server/etc/jetty.xml
2019-12-02 16:11:28.142 WARN  (main) [   ] o.e.j.s.AbstractConnector Ignoring deprecated socket close linger time
2019-12-02 16:11:28.142 WARN  (main) [   ] o.e.j.x.XmlConfiguration Deprecated method public void org.eclipse.jetty.server.ServerConnector.setSoLingerTime(int) in file:///Users/brianpulfer/Desktop/USI/MAI-First_Year/Debit_Courses/Information_Retrieval/Project/nanny_search/src/main/api/solr-8.2.0/server/etc/jetty-http.xml
2019-12-02 16:11:28.146 INFO  (main) [   ] o.e.j.s.Server jetty-9.4.19.v20190610; built: 2019-06-10T16:30:51.723Z; git: afcf563148970e98786327af5e07c261fda175d3; jvm 11.0.2+9
2019-12-02 16:11:28.165 INFO  (main) [   ] o.e.j.d.p.ScanningAppProvider Deployment monitor [file:///Users/brianpulfer/Desktop/USI/MAI-First_Year/Debit_Courses/Information_Retrieval/Project/nanny_search/src/main/api/solr-8.2.0/server/contexts/] at interval 0
2019-12-02 16:11:28.484 INFO  (main) [   ] o.e.j.w.StandardDescriptorProcessor NO JSP Support for /solr, did not find org.apache.jasper.servlet.JspServlet
2019-12-02 16:11:28.493 INFO  (main) [   ] o.e.j.s.session DefaultSessionIdManager workerName=node0
2019-12-02 16:11:28.493 INFO  (main) [   ] o.e.j.s.session No SessionScavenger set, using defaults
2019-12-02 16:11:28.495 INFO  (main) [   ] o.e.j.s.session node0 Scavenging every 660000ms
2019-12-02 16:11:28.563 INFO  (main) [   ] o.a.s.s.SolrDispatchFilter Using logger factory org.apache.logging.slf4j.Log4jLoggerFactory
2019-12-02 16:11:28.567 INFO  (main) [   ] o.a.s.s.SolrDispatchFilter  ___      _       Welcome to Apache Solr™ version 8.2.0
2019-12-02 16:11:28.567 INFO  (main) [   ] o.a.s.s.SolrDispatchFilter / __| ___| |_ _   Starting in standalone mode on port 8983
2019-12-02 16:11:28.567 INFO  (main) [   ] o.a.s.s.SolrDispatchFilter \__ \/ _ \ | '_|  Install dir: /Users/brianpulfer/Desktop/USI/MAI-First_Year/Debit_Courses/Information_Retrieval/Project/nanny_search/src/main/api/solr-8.2.0
2019-12-02 16:11:28.567 INFO  (main) [   ] o.a.s.s.SolrDispatchFilter |___/\___/_|_|    Start time: 2019-12-02T16:11:28.567463Z
2019-12-02 16:11:28.604 INFO  (main) [   ] o.a.s.c.SolrResourceLoader Using system property solr.solr.home: /Users/brianpulfer/Desktop/USI/MAI-First_Year/Debit_Courses/Information_Retrieval/Project/nanny_search/src/main/api/solr-8.2.0/server/solr
2019-12-02 16:11:28.609 INFO  (main) [   ] o.a.s.c.SolrXmlConfig Loading container configuration from /Users/brianpulfer/Desktop/USI/MAI-First_Year/Debit_Courses/Information_Retrieval/Project/nanny_search/src/main/api/solr-8.2.0/server/solr/solr.xml
2019-12-02 16:11:28.682 INFO  (main) [   ] o.a.s.c.SolrXmlConfig MBean server found: com.sun.jmx.mbeanserver.JmxMBeanServer@148080bb, but no JMX reporters were configured - adding default JMX reporter.
2019-12-02 16:11:29.020 INFO  (main) [   ] o.a.s.h.c.HttpShardHandlerFactory Host whitelist initialized: WhitelistHostChecker [whitelistHosts=null, whitelistHostCheckingEnabled=true]
2019-12-02 16:11:29.188 WARN  (main) [   ] o.e.j.u.s.S.config Trusting all certificates configured for Client@506dcf55[provider=null,keyStore=null,trustStore=null]
2019-12-02 16:11:29.189 WARN  (main) [   ] o.e.j.u.s.S.config No Client EndPointIdentificationAlgorithm configured for Client@506dcf55[provider=null,keyStore=null,trustStore=null]
2019-12-02 16:11:29.323 WARN  (main) [   ] o.e.j.u.s.S.config Trusting all certificates configured for Client@3f92a84e[provider=null,keyStore=null,trustStore=null]
2019-12-02 16:11:29.323 WARN  (main) [   ] o.e.j.u.s.S.config No Client EndPointIdentificationAlgorithm configured for Client@3f92a84e[provider=null,keyStore=null,trustStore=null]
2019-12-02 16:11:29.472 INFO  (main) [   ] o.a.s.c.TransientSolrCoreCacheDefault Allocating transient cache for 2147483647 transient cores
2019-12-02 16:11:29.474 INFO  (main) [   ] o.a.s.h.a.MetricsHistoryHandler No .system collection, keeping metrics history in memory.
2019-12-02 16:11:29.542 INFO  (main) [   ] o.a.s.m.r.SolrJmxReporter JMX monitoring for 'solr.node' (registry 'solr.node') enabled at server: com.sun.jmx.mbeanserver.JmxMBeanServer@148080bb
2019-12-02 16:11:29.542 INFO  (main) [   ] o.a.s.m.r.SolrJmxReporter JMX monitoring for 'solr.jvm' (registry 'solr.jvm') enabled at server: com.sun.jmx.mbeanserver.JmxMBeanServer@148080bb
2019-12-02 16:11:29.546 INFO  (main) [   ] o.a.s.m.r.SolrJmxReporter JMX monitoring for 'solr.jetty' (registry 'solr.jetty') enabled at server: com.sun.jmx.mbeanserver.JmxMBeanServer@148080bb
2019-12-02 16:11:29.643 INFO  (main) [   ] o.a.s.c.CorePropertiesLocator Found 1 core definitions underneath /Users/brianpulfer/Desktop/USI/MAI-First_Year/Debit_Courses/Information_Retrieval/Project/nanny_search/src/main/api/solr-8.2.0/server/solr
2019-12-02 16:11:29.643 INFO  (main) [   ] o.a.s.c.CorePropertiesLocator Cores are: [nutch]
2019-12-02 16:11:29.686 INFO  (coreLoadExecutor-9-thread-1) [   x:nutch] o.a.s.c.SolrResourceLoader [nutch] Added 61 libs to classloader, from paths: [/Users/brianpulfer/Desktop/USI/MAI-First_Year/Debit_Courses/Information_Retrieval/Project/nanny_search/src/main/api/solr-8.2.0/contrib/clustering/lib, /Users/brianpulfer/Desktop/USI/MAI-First_Year/Debit_Courses/Information_Retrieval/Project/nanny_search/src/main/api/solr-8.2.0/contrib/extraction/lib, /Users/brianpulfer/Desktop/USI/MAI-First_Year/Debit_Courses/Information_Retrieval/Project/nanny_search/src/main/api/solr-8.2.0/contrib/langid/lib, /Users/brianpulfer/Desktop/USI/MAI-First_Year/Debit_Courses/Information_Retrieval/Project/nanny_search/src/main/api/solr-8.2.0/contrib/velocity/lib, /Users/brianpulfer/Desktop/USI/MAI-First_Year/Debit_Courses/Information_Retrieval/Project/nanny_search/src/main/api/solr-8.2.0/dist]
2019-12-02 16:11:29.706 INFO  (main) [   ] o.e.j.s.h.ContextHandler Started o.e.j.w.WebAppContext@24be2d9c{/solr,file:///Users/brianpulfer/Desktop/USI/MAI-First_Year/Debit_Courses/Information_Retrieval/Project/nanny_search/src/main/api/solr-8.2.0/server/solr-webapp/webapp/,AVAILABLE}{/Users/brianpulfer/Desktop/USI/MAI-First_Year/Debit_Courses/Information_Retrieval/Project/nanny_search/src/main/api/solr-8.2.0/server/solr-webapp/webapp}
2019-12-02 16:11:29.723 INFO  (main) [   ] o.e.j.s.AbstractConnector Started ServerConnector@61526469{HTTP/1.1,[http/1.1, h2c]}{0.0.0.0:8983}
2019-12-02 16:11:29.723 INFO  (main) [   ] o.e.j.s.Server Started @3053ms
2019-12-02 16:11:29.953 INFO  (coreLoadExecutor-9-thread-1) [   x:nutch] o.a.s.c.SolrConfig Using Lucene MatchVersion: 8.2.0
2019-12-02 16:11:30.086 INFO  (coreLoadExecutor-9-thread-1) [   x:nutch] o.a.s.s.IndexSchema [nutch] Schema name=nutch
2019-12-02 16:11:30.128 WARN  (coreLoadExecutor-9-thread-1) [   x:nutch] o.a.s.c.SolrResourceLoader Solr loaded a deprecated plugin/analysis class [solr.TrieDateField]. Please consult documentation how to replace it accordingly.
2019-12-02 16:11:30.131 WARN  (coreLoadExecutor-9-thread-1) [   x:nutch] o.a.s.c.SolrResourceLoader Solr loaded a deprecated plugin/analysis class [solr.TrieDoubleField]. Please consult documentation how to replace it accordingly.
2019-12-02 16:11:30.134 WARN  (coreLoadExecutor-9-thread-1) [   x:nutch] o.a.s.c.SolrResourceLoader Solr loaded a deprecated plugin/analysis class [solr.TrieFloatField]. Please consult documentation how to replace it accordingly.
2019-12-02 16:11:30.138 WARN  (coreLoadExecutor-9-thread-1) [   x:nutch] o.a.s.c.SolrResourceLoader Solr loaded a deprecated plugin/analysis class [solr.TrieIntField]. Please consult documentation how to replace it accordingly.
2019-12-02 16:11:30.143 WARN  (coreLoadExecutor-9-thread-1) [   x:nutch] o.a.s.c.SolrResourceLoader Solr loaded a deprecated plugin/analysis class [solr.LatLonType]. Please consult documentation how to replace it accordingly.
2019-12-02 16:11:30.146 WARN  (coreLoadExecutor-9-thread-1) [   x:nutch] o.a.s.c.SolrResourceLoader Solr loaded a deprecated plugin/analysis class [solr.TrieLongField]. Please consult documentation how to replace it accordingly.
2019-12-02 16:11:30.175 WARN  (coreLoadExecutor-9-thread-1) [   x:nutch] o.a.s.c.SolrResourceLoader Solr loaded a deprecated plugin/analysis class [solr.SynonymFilterFactory]. Please consult documentation how to replace it accordingly.
2019-12-02 16:11:30.183 WARN  (coreLoadExecutor-9-thread-1) [   x:nutch] o.a.s.c.SolrResourceLoader Solr loaded a deprecated plugin/analysis class [solr.WordDelimiterFilterFactory]. Please consult documentation how to replace it accordingly.
2019-12-02 16:11:30.303 INFO  (coreLoadExecutor-9-thread-1) [   x:nutch] o.a.s.s.IndexSchema Loaded schema nutch/1.5 with uniqueid field id
2019-12-02 16:11:30.317 INFO  (coreLoadExecutor-9-thread-1) [   x:nutch] o.a.s.c.CoreContainer Creating SolrCore 'nutch' using configuration from instancedir /Users/brianpulfer/Desktop/USI/MAI-First_Year/Debit_Courses/Information_Retrieval/Project/nanny_search/src/main/api/solr-8.2.0/server/solr/nutch, trusted=true
2019-12-02 16:11:30.350 INFO  (coreLoadExecutor-9-thread-1) [   x:nutch] o.a.s.m.r.SolrJmxReporter JMX monitoring for 'solr.core.nutch' (registry 'solr.core.nutch') enabled at server: com.sun.jmx.mbeanserver.JmxMBeanServer@148080bb
2019-12-02 16:11:30.368 INFO  (coreLoadExecutor-9-thread-1) [   x:nutch] o.a.s.c.SolrCore [[nutch] ] Opening new SolrCore at [/Users/brianpulfer/Desktop/USI/MAI-First_Year/Debit_Courses/Information_Retrieval/Project/nanny_search/src/main/api/solr-8.2.0/server/solr/nutch], dataDir=[/Users/brianpulfer/Desktop/USI/MAI-First_Year/Debit_Courses/Information_Retrieval/Project/nanny_search/src/main/api/solr-8.2.0/server/solr/nutch/data/]
2019-12-02 16:11:30.400 INFO  (coreLoadExecutor-9-thread-1) [   x:nutch] o.a.s.r.XSLTResponseWriter xsltCacheLifetimeSeconds=5
2019-12-02 16:11:30.880 INFO  (coreLoadExecutor-9-thread-1) [   x:nutch] o.a.s.u.UpdateHandler Using UpdateLog implementation: org.apache.solr.update.UpdateLog
2019-12-02 16:11:30.880 INFO  (coreLoadExecutor-9-thread-1) [   x:nutch] o.a.s.u.UpdateLog Initializing UpdateLog: dataDir= defaultSyncLevel=FLUSH numRecordsToKeep=100 maxNumLogsToKeep=10 numVersionBuckets=65536
2019-12-02 16:11:30.899 INFO  (coreLoadExecutor-9-thread-1) [   x:nutch] o.a.s.u.CommitTracker Hard AutoCommit: if uncommitted for 15000ms; 
2019-12-02 16:11:30.899 INFO  (coreLoadExecutor-9-thread-1) [   x:nutch] o.a.s.u.CommitTracker Soft AutoCommit: disabled
2019-12-02 16:11:30.985 INFO  (coreLoadExecutor-9-thread-1) [   x:nutch] o.a.s.s.SolrIndexSearcher Opening [Searcher@6e3ca49e[nutch] main]
2019-12-02 16:11:30.997 INFO  (coreLoadExecutor-9-thread-1) [   x:nutch] o.a.s.r.ManagedResourceStorage File-based storage initialized to use dir: /Users/brianpulfer/Desktop/USI/MAI-First_Year/Debit_Courses/Information_Retrieval/Project/nanny_search/src/main/api/solr-8.2.0/server/solr/nutch/conf
2019-12-02 16:11:31.022 INFO  (coreLoadExecutor-9-thread-1) [   x:nutch] o.a.s.h.c.SpellCheckComponent Initializing spell checkers
2019-12-02 16:11:31.028 INFO  (coreLoadExecutor-9-thread-1) [   x:nutch] o.a.s.s.DirectSolrSpellChecker init: {name=default,field=_text_,classname=solr.DirectSolrSpellChecker,distanceMeasure=internal,accuracy=0.5,maxEdits=2,minPrefix=1,maxInspections=5,minQueryLength=4,maxQueryFrequency=0.01}
2019-12-02 16:11:31.038 INFO  (coreLoadExecutor-9-thread-1) [   x:nutch] o.a.s.h.ReplicationHandler Commits will be reserved for 10000ms.
2019-12-02 16:11:31.052 INFO  (searcherExecutor-10-thread-1-processing-x:nutch) [   x:nutch] o.a.s.c.QuerySenderListener QuerySenderListener sending requests to Searcher@6e3ca49e[nutch] main{ExitableDirectoryReader(UninvertingDirectoryReader(Uninverting(_0(8.2.0):C977:[diagnostics={java.vendor=Oracle Corporation, os=Mac OS X, java.version=11.0.2, java.vm.version=11.0.2+9, lucene.version=8.2.0, os.arch=x86_64, java.runtime.version=11.0.2+9, source=flush, os.version=10.15.1, timestamp=1574976997173}]:[attributes={Lucene50StoredFieldsFormat.mode=BEST_SPEED}])))}
2019-12-02 16:11:31.052 INFO  (searcherExecutor-10-thread-1-processing-x:nutch) [   x:nutch] o.a.s.c.QuerySenderListener QuerySenderListener done.
2019-12-02 16:11:31.052 INFO  (searcherExecutor-10-thread-1-processing-x:nutch) [   x:nutch] o.a.s.h.c.SpellCheckComponent Loading spell index for spellchecker: default
2019-12-02 16:11:31.057 INFO  (searcherExecutor-10-thread-1-processing-x:nutch) [   x:nutch] o.a.s.c.SolrCore [nutch] Registered new searcher Searcher@6e3ca49e[nutch] main{ExitableDirectoryReader(UninvertingDirectoryReader(Uninverting(_0(8.2.0):C977:[diagnostics={java.vendor=Oracle Corporation, os=Mac OS X, java.version=11.0.2, java.vm.version=11.0.2+9, lucene.version=8.2.0, os.arch=x86_64, java.runtime.version=11.0.2+9, source=flush, os.version=10.15.1, timestamp=1574976997173}]:[attributes={Lucene50StoredFieldsFormat.mode=BEST_SPEED}])))}
2019-12-02 16:11:40.599 INFO  (qtp125644421-27) [   x:nutch] o.a.s.c.S.Request [nutch]  webapp=/solr path=/query params={q=content:Sutton%0acontent:male&rows=1000} hits=18 status=0 QTime=62
2019-12-02 16:11:54.079 INFO  (qtp125644421-20) [   x:nutch] o.a.s.c.S.Request [nutch]  webapp=/solr path=/query params={q=content:male&rows=1000} hits=14 status=0 QTime=1
2019-12-02 20:39:37.960 INFO  (Thread-0) [   ] o.e.j.s.AbstractConnector Stopped ServerConnector@61526469{HTTP/1.1,[http/1.1, h2c]}{0.0.0.0:8983}
2019-12-02 20:39:37.960 INFO  (Thread-0) [   ] o.e.j.s.session node0 Stopped scavenging
2019-12-02 20:39:37.963 INFO  (Thread-0) [   ] o.a.s.c.CoreContainer Shutting down CoreContainer instance=1239132915
2019-12-02 20:39:37.963 INFO  (coreCloseExecutor-15-thread-1) [   x:nutch] o.a.s.c.SolrCore [nutch]  CLOSING SolrCore org.apache.solr.core.SolrCore@6d90e591
2019-12-02 20:39:37.963 INFO  (coreCloseExecutor-15-thread-1) [   x:nutch] o.a.s.m.SolrMetricManager Closing metric reporters for registry=solr.core.nutch, tag=6d90e591
2019-12-02 20:39:37.964 INFO  (coreCloseExecutor-15-thread-1) [   x:nutch] o.a.s.m.r.SolrJmxReporter Closing reporter [org.apache.solr.metrics.reporters.SolrJmxReporter@6c8c0fc8: rootName = null, domain = solr.core.nutch, service url = null, agent id = null] for registry solr.core.nutch / com.codahale.metrics.MetricRegistry@419eadd5
2019-12-02 20:39:37.983 INFO  (Thread-0) [   ] o.a.s.m.SolrMetricManager Closing metric reporters for registry=solr.node, tag=null
2019-12-02 20:39:37.983 INFO  (Thread-0) [   ] o.a.s.m.r.SolrJmxReporter Closing reporter [org.apache.solr.metrics.reporters.SolrJmxReporter@10f7c76: rootName = null, domain = solr.node, service url = null, agent id = null] for registry solr.node / com.codahale.metrics.MetricRegistry@3bdda74d
2019-12-02 20:39:37.985 INFO  (Thread-0) [   ] o.a.s.m.SolrMetricManager Closing metric reporters for registry=solr.jvm, tag=null
2019-12-02 20:39:37.986 INFO  (Thread-0) [   ] o.a.s.m.r.SolrJmxReporter Closing reporter [org.apache.solr.metrics.reporters.SolrJmxReporter@715b886f: rootName = null, domain = solr.jvm, service url = null, agent id = null] for registry solr.jvm / com.codahale.metrics.MetricRegistry@6f408f55
2019-12-02 20:39:37.987 INFO  (Thread-0) [   ] o.a.s.m.SolrMetricManager Closing metric reporters for registry=solr.jetty, tag=null
2019-12-02 20:39:37.987 INFO  (Thread-0) [   ] o.a.s.m.r.SolrJmxReporter Closing reporter [org.apache.solr.metrics.reporters.SolrJmxReporter@7fb29ca9: rootName = null, domain = solr.jetty, service url = null, agent id = null] for registry solr.jetty / com.codahale.metrics.MetricRegistry@612f5165
2019-12-02 20:39:37.995 INFO  (Thread-0) [   ] o.e.j.s.h.ContextHandler Stopped o.e.j.w.WebAppContext@24be2d9c{/solr,null,UNAVAILABLE}{/Users/brianpulfer/Desktop/USI/MAI-First_Year/Debit_Courses/Information_Retrieval/Project/nanny_search/src/main/api/solr-8.2.0/server/solr-webapp/webapp}
